{"level":"info","message":"LANGLEY'S NO.8 0.7L updated price","timestamp":"2020-12-04T22:11:18.094Z"}
{"level":"info","message":"LANGLEY'S OLD TOM 0.7L updated price","timestamp":"2020-12-04T22:11:18.102Z"}
{"level":"info","message":"Finestore.No updates found.","timestamp":"2020-12-04T22:11:18.233Z"}
{"level":"info","message":"Finestore.No updates found.","timestamp":"2020-12-04T22:15:24.613Z"}
{"level":"info","message":"Finestore.No updates found.","timestamp":"2020-12-04T22:25:47.369Z"}
{"level":"info","message":"Finestore.No updates found.","timestamp":"2020-12-04T22:30:28.969Z"}
{"level":"info","message":"Finestore.No updates found.","timestamp":"2020-12-04T22:34:50.614Z"}
{"level":"info","message":"Finestore.No updates found.","timestamp":"2020-12-05T00:00:05.393Z"}
{"level":"info","message":"GORDON'S 0.5L updated price","timestamp":"2020-12-05T13:08:06.119Z"}
{"level":"info","message":"JJ WHITLEY GIN CIRESE ROZ 0.7L updated price","timestamp":"2020-12-05T13:08:06.146Z"}
{"level":"info","message":"JJ WHITLEY GIN PRUNE 0.7L updated price","timestamp":"2020-12-05T13:08:06.151Z"}
{"level":"info","message":"JJ WHITLEY GIN SOC 0.7L updated price","timestamp":"2020-12-05T13:08:06.154Z"}
{"level":"info","message":"JJ WHITLEY GIN VIOLET 0.7L updated price","timestamp":"2020-12-05T13:08:06.158Z"}
{"level":"info","message":"JJ WHITLEY LONDON DRY GIN 0.7L updated price","timestamp":"2020-12-05T13:08:06.163Z"}
{"level":"info","message":"WHITLEY NEILL GUTUI GIN CU PAHAR 0.7L updated price","timestamp":"2020-12-05T13:08:06.293Z"}
{"level":"info","message":"Finestore.No updates found.","timestamp":"2020-12-05T13:14:05.349Z"}
{"level":"info","message":"Finestore.No updates found.","timestamp":"2020-12-05T13:18:05.403Z"}
{"level":"info","message":"Finestore.No updates found.","timestamp":"2020-12-05T13:23:12.718Z"}
{"level":"info","message":"Finestore.No updates found.","timestamp":"2020-12-05T13:36:30.274Z"}
{"level":"info","message":"Finestore.No updates found.","timestamp":"2020-12-05T13:40:05.491Z"}
{"level":"info","message":"Finestore.No updates found.","timestamp":"2020-12-05T13:45:05.769Z"}
{"level":"info","message":"Finestore.No updates found.","timestamp":"2020-12-05T13:54:05.443Z"}
{"level":"error","timestamp":"2020-12-05T13:56:10.007Z"}
{"level":"info","message":"Finestore.No updates found.","timestamp":"2020-12-05T13:58:05.483Z"}
{"level":"error","timestamp":"2020-12-05T14:00:10.005Z"}
{"level":"error","timestamp":"2020-12-05T14:02:10.004Z"}
{"level":"error","timestamp":"2020-12-05T14:04:10.003Z"}
{"level":"error","timestamp":"2020-12-05T14:06:10.004Z"}
{"level":"error","timestamp":"2020-12-05T14:08:10.007Z"}
{"level":"error","timestamp":"2020-12-05T14:10:10.003Z"}
{"level":"error","timestamp":"2020-12-05T14:12:10.004Z"}
{"level":"error","timestamp":"2020-12-05T14:14:10.004Z"}
{"level":"error","timestamp":"2020-12-05T14:16:10.003Z"}
{"level":"error","timestamp":"2020-12-05T14:18:10.004Z"}
{"level":"error","timestamp":"2020-12-05T14:20:10.004Z"}
{"level":"error","timestamp":"2020-12-05T14:22:10.003Z"}
{"level":"error","timestamp":"2020-12-05T14:24:10.003Z"}
{"level":"error","timestamp":"2020-12-05T14:26:10.004Z"}
{"level":"error","timestamp":"2020-12-05T14:28:10.004Z"}
{"level":"error","timestamp":"2020-12-05T14:30:10.004Z"}
{"level":"error","timestamp":"2020-12-05T14:32:10.004Z"}
{"level":"error","timestamp":"2020-12-05T14:34:10.004Z"}
{"level":"error","timestamp":"2020-12-05T14:36:10.004Z"}
{"level":"error","timestamp":"2020-12-05T14:38:10.003Z"}
{"level":"error","timestamp":"2020-12-05T14:40:10.004Z"}
{"level":"error","timestamp":"2020-12-05T14:42:10.004Z"}
{"level":"error","timestamp":"2020-12-05T14:44:10.003Z"}
{"level":"error","timestamp":"2020-12-05T14:46:10.004Z"}
{"level":"error","timestamp":"2020-12-05T14:48:10.004Z"}
{"level":"error","timestamp":"2020-12-05T14:50:10.003Z"}
{"level":"error","timestamp":"2020-12-05T14:52:10.004Z"}
{"level":"error","timestamp":"2020-12-05T14:54:10.004Z"}
{"level":"error","timestamp":"2020-12-05T14:56:10.004Z"}
{"level":"error","timestamp":"2020-12-05T14:58:10.003Z"}
{"level":"error","timestamp":"2020-12-05T15:00:10.004Z"}
{"level":"error","timestamp":"2020-12-05T15:02:10.004Z"}
{"level":"error","timestamp":"2020-12-05T15:04:10.004Z"}
{"level":"error","timestamp":"2020-12-05T15:06:10.004Z"}
{"level":"error","timestamp":"2020-12-05T15:08:10.003Z"}
{"level":"error","timestamp":"2020-12-05T15:10:10.004Z"}
{"level":"error","timestamp":"2020-12-05T15:12:10.004Z"}
{"level":"error","timestamp":"2020-12-05T15:14:10.003Z"}
{"level":"error","timestamp":"2020-12-05T15:16:10.004Z"}
{"level":"error","timestamp":"2020-12-05T15:18:10.004Z"}
{"level":"error","timestamp":"2020-12-05T15:20:10.003Z"}
{"level":"error","timestamp":"2020-12-05T15:22:10.003Z"}
{"level":"error","timestamp":"2020-12-05T15:24:10.003Z"}
{"level":"error","timestamp":"2020-12-05T15:26:10.003Z"}
{"level":"error","timestamp":"2020-12-05T15:28:10.004Z"}
{"level":"error","timestamp":"2020-12-05T15:30:10.004Z"}
{"level":"error","timestamp":"2020-12-05T15:32:10.003Z"}
{"level":"error","timestamp":"2020-12-05T15:34:10.004Z"}
{"level":"error","timestamp":"2020-12-05T15:36:10.004Z"}
{"level":"info","message":"Finestore.No updates found.","timestamp":"2020-12-06T09:25:55.404Z"}
{"level":"info","message":"Finestore.No updates found.","timestamp":"2020-12-06T09:26:03.093Z"}
{"level":"info","message":"Finestore.No updates found.","timestamp":"2020-12-06T09:27:50.123Z"}
{"level":"info","message":"Finestore.No updates found.","timestamp":"2020-12-06T12:57:14.277Z"}
{"level":"info","message":"74 new items added to database","timestamp":"2020-12-06T14:53:54.031Z"}
{"level":"info","message":"Superdrinks.No updates found.","timestamp":"2020-12-06T15:17:35.967Z"}
{"level":"info","message":"Superdrinks.No updates found.","timestamp":"2020-12-06T15:34:07.019Z"}
{"level":"info","message":"Superdrinks.No updates found.","timestamp":"2020-12-06T21:14:14.172Z"}
{"level":"info","message":"Finestore.No updates found.","timestamp":"2020-12-06T21:21:06.295Z"}
{"level":"info","message":"1528 COCOA GIN 0.7L updated price","timestamp":"2020-12-07T08:34:48.882Z"}
{"level":"info","message":"1528 QAHWA GIN 0.7L updated price","timestamp":"2020-12-07T08:34:48.891Z"}
{"level":"info","message":"ABLEFORTH'S BATHTUB GIN 0.7L updated price","timestamp":"2020-12-07T08:34:48.895Z"}
{"level":"info","message":"ABLEFORTH'S BATHTUB GIN NAVY - STRENGTH 0.7L updated price","timestamp":"2020-12-07T08:34:48.899Z"}
{"level":"info","message":"ABLEFORTH'S BATHTUB GIN OLD TOM 0.5L updated price","timestamp":"2020-12-07T08:34:48.904Z"}
{"level":"info","message":"ABLEFORTH'S BATHTUB GIN SLOE GIN 0.5L updated price","timestamp":"2020-12-07T08:34:48.908Z"}
{"level":"info","message":"ALKKEMIST 0.7L updated price","timestamp":"2020-12-07T08:34:48.912Z"}
{"level":"info","message":"AMUERTE COCA LEAF GIN BLACK EDITION 0.7L updated price","timestamp":"2020-12-07T08:34:48.917Z"}
{"level":"info","message":"AMUERTE COCA LEAF GIN WHITE EDITION 0.7L updated price","timestamp":"2020-12-07T08:34:48.920Z"}
{"level":"info","message":"ART OF GIN 0.5L updated price","timestamp":"2020-12-07T08:34:48.924Z"}
{"level":"info","message":"ART OF GIN PINK SUMMER 0.5L updated price","timestamp":"2020-12-07T08:34:48.927Z"}
{"level":"info","message":"BEEFEATER 0.7L updated price","timestamp":"2020-12-07T08:34:48.931Z"}
{"level":"info","message":"BEEFEATER 24 0.7L updated price","timestamp":"2020-12-07T08:34:48.945Z"}
{"level":"info","message":"BERKELEY SQUARE 0.7L updated price","timestamp":"2020-12-07T08:34:48.956Z"}
{"level":"info","message":"BERLINDER BRANDSTIFTER BERLIN DRY GIN 0.7L updated price","timestamp":"2020-12-07T08:34:48.959Z"}
{"level":"info","message":"BICKENS LONDON DRY GIN 1L updated price","timestamp":"2020-12-07T08:34:48.965Z"}
{"level":"info","message":"BICKENS PINK GRAPEFRUIT 0.7L updated price","timestamp":"2020-12-07T08:34:48.970Z"}
{"level":"info","message":"BLIND TIGER IMPERIAL SECRETS 0.5L updated price","timestamp":"2020-12-07T08:34:48.975Z"}
{"level":"info","message":"BLIND TIGER IMPERIAL SECRETS CU 2 PAHARE 0.5L updated price","timestamp":"2020-12-07T08:34:48.980Z"}
{"level":"info","message":"BLIND TIGER PIPER CUBEBA 0.5L updated price","timestamp":"2020-12-07T08:34:48.985Z"}
{"level":"info","message":"BLIND TIGER PIPER CUBEBA CU 2 PAHARE 0.5L updated price","timestamp":"2020-12-07T08:34:48.990Z"}
{"level":"info","message":"BLOOM 0.7L updated price","timestamp":"2020-12-07T08:34:48.993Z"}
{"level":"info","message":"BLOOM 1L updated price","timestamp":"2020-12-07T08:34:48.998Z"}
{"level":"info","message":"BLOOM CU PAHAR 0.7L updated price","timestamp":"2020-12-07T08:34:49.002Z"}
{"level":"info","message":"BOBBY'S SCHIEDAM DRY GIN 0.7L updated price","timestamp":"2020-12-07T08:34:49.005Z"}
{"level":"info","message":"BOMBAY SAPPHIRE 1L updated price","timestamp":"2020-12-07T08:34:49.011Z"}
{"level":"info","message":"BOODLES 0.7L updated price","timestamp":"2020-12-07T08:34:49.016Z"}
{"level":"info","message":"BOTTEGA BACUR 0.5L updated price","timestamp":"2020-12-07T08:34:49.019Z"}
{"level":"info","message":"BOTTEGA BACUR 0.7L updated price","timestamp":"2020-12-07T08:34:49.023Z"}
{"level":"info","message":"BOTTEGA BACUR 1L updated price","timestamp":"2020-12-07T08:34:49.026Z"}
{"level":"info","message":"BROCKMANS 0.7L updated price","timestamp":"2020-12-07T08:34:49.031Z"}
{"level":"info","message":"BROCKMANS CU PAHAR 0.7L updated price","timestamp":"2020-12-07T08:34:49.036Z"}
{"level":"info","message":"BROKER'S 0.7L updated price","timestamp":"2020-12-07T08:34:49.040Z"}
{"level":"info","message":"BROKER'S PINK 0.7L updated price","timestamp":"2020-12-07T08:34:49.045Z"}
{"level":"info","message":"BROOKLYN 0.7L updated price","timestamp":"2020-12-07T08:34:49.048Z"}
{"level":"info","message":"BULLDOG 0.7L updated price","timestamp":"2020-12-07T08:34:49.051Z"}
{"level":"info","message":"BULLDOG 1L updated price","timestamp":"2020-12-07T08:34:49.055Z"}
{"level":"info","message":"BUSS 509 CHERRY 0.7L updated price","timestamp":"2020-12-07T08:34:49.059Z"}
{"level":"info","message":"BUSS 509 GRAPEFRUIT 0.7L updated price","timestamp":"2020-12-07T08:34:49.062Z"}
{"level":"info","message":"BUSS 509 MASTER CUT 0.7L updated price","timestamp":"2020-12-07T08:34:49.065Z"}
{"level":"info","message":"BUSS 509 MIDI CUT 0.7L updated price","timestamp":"2020-12-07T08:34:49.069Z"}
{"level":"info","message":"BUSS 509 PERSIAN PEACH 0.7L updated price","timestamp":"2020-12-07T08:34:49.073Z"}
{"level":"info","message":"BUSS 509 RASPBERRY 0.7L updated price","timestamp":"2020-12-07T08:34:49.077Z"}
{"level":"info","message":"BUSS 509 REBEL CUT 0.7L updated price","timestamp":"2020-12-07T08:34:49.081Z"}
{"level":"info","message":"BUSS 509 WHITE RAIN 0.7L updated price","timestamp":"2020-12-07T08:34:49.084Z"}
{"level":"info","message":"CAORUNN 0.7L updated price","timestamp":"2020-12-07T08:34:49.090Z"}
{"level":"info","message":"CAORUNN 1L updated price","timestamp":"2020-12-07T08:34:49.094Z"}
{"level":"info","message":"CITADELLE NO MISTAKE OLD TOM 0.5L updated price","timestamp":"2020-12-07T08:34:49.097Z"}
{"level":"info","message":"CITADELLE ORIGINAL 0.7L updated price","timestamp":"2020-12-07T08:34:49.100Z"}
{"level":"info","message":"CITADELLE ORIGINAL CU PAHAR 0.7L updated price","timestamp":"2020-12-07T08:34:49.107Z"}
{"level":"info","message":"CITADELLE RESERVE 0.7L updated price","timestamp":"2020-12-07T08:34:49.111Z"}
{"level":"info","message":"CITY OF LONDON 0.7L updated price","timestamp":"2020-12-07T08:34:49.114Z"}
{"level":"info","message":"CITY OF LONDON CHRISTOPHER WREN 0.7L updated price","timestamp":"2020-12-07T08:34:49.118Z"}
{"level":"info","message":"CITY OF LONDON SLOE GIN 0.7L updated price","timestamp":"2020-12-07T08:34:49.123Z"}
{"level":"info","message":"COPPERHEAD 0.5L updated price","timestamp":"2020-12-07T08:34:49.128Z"}
{"level":"info","message":"COPPERHEAD BLACK BATCH 0.5L updated price","timestamp":"2020-12-07T08:34:49.132Z"}
{"level":"info","message":"COPPERHEAD THE GIBSON EDITION 0.5L updated price","timestamp":"2020-12-07T08:34:49.136Z"}
{"level":"info","message":"CRAFTER'S AROMATIC FLOWER GIN 0.7L updated price","timestamp":"2020-12-07T08:34:49.140Z"}
{"level":"info","message":"CRAFTER'S AROMATIC FLOWER GIN 1L updated price","timestamp":"2020-12-07T08:34:49.144Z"}
{"level":"info","message":"CRAFTER'S LONDON DRY GIN 0.7L updated price","timestamp":"2020-12-07T08:34:49.147Z"}
{"level":"info","message":"CRAFTER'S LONDON DRY GIN 1L updated price","timestamp":"2020-12-07T08:34:49.151Z"}
{"level":"info","message":"CUBICAL KISS 0.7L updated price","timestamp":"2020-12-07T08:34:49.154Z"}
{"level":"info","message":"CUBICAL MANGO CU 3 PAHARE 3X0.7L updated price","timestamp":"2020-12-07T08:34:49.163Z"}
{"level":"info","message":"DAMRAK 0.7L updated price","timestamp":"2020-12-07T08:34:49.167Z"}
{"level":"info","message":"DANCING SANDS BARREL AGED GIN 0.7L updated price","timestamp":"2020-12-07T08:34:49.172Z"}
{"level":"info","message":"DARNLEY'S SPICED GIN 0.7L updated price","timestamp":"2020-12-07T08:34:49.177Z"}
{"level":"info","message":"DAVID LUXURY GIN 0.7L updated price","timestamp":"2020-12-07T08:34:49.180Z"}
{"level":"info","message":"DICTADOR COLOMBIAN AGED GIN ORTODOXY 0.7L updated price","timestamp":"2020-12-07T08:34:49.183Z"}
{"level":"info","message":"DICTADOR COLOMBIAN AGED GIN TREASURE 0.7L updated price","timestamp":"2020-12-07T08:34:49.187Z"}
{"level":"info","message":"DRUMSHANBO GUNPOWDER 0.5L updated price","timestamp":"2020-12-07T08:34:49.190Z"}
{"level":"info","message":"DRUMSHANBO GUNPOWDER 0.7L updated price","timestamp":"2020-12-07T08:34:49.195Z"}
{"level":"info","message":"DRY GIN XII 0.7L updated price","timestamp":"2020-12-07T08:34:49.199Z"}
{"level":"info","message":"EDINBURGH GIN 0.7L updated price","timestamp":"2020-12-07T08:34:49.202Z"}
{"level":"info","message":"ELEPHANT GIN 0.5L updated price","timestamp":"2020-12-07T08:34:49.206Z"}
{"level":"info","message":"G'VINE FLORAISON 0.7L updated price","timestamp":"2020-12-07T08:34:49.212Z"}
{"level":"info","message":"G'VINE FLORAISON 1L updated price","timestamp":"2020-12-07T08:34:49.215Z"}
{"level":"info","message":"GARDEN SHED GIN 0.7L updated price","timestamp":"2020-12-07T08:34:49.219Z"}
{"level":"info","message":"GEMBLUE BARREL GIN 0.7L updated price","timestamp":"2020-12-07T08:34:49.222Z"}
{"level":"info","message":"GEMBLUE CASK TEQUILA LIMITED EDITION 0.7L updated price","timestamp":"2020-12-07T08:34:49.227Z"}
{"level":"info","message":"GEMBLUE GIN LIMITED EDITION 0.7L updated price","timestamp":"2020-12-07T08:34:49.232Z"}
{"level":"info","message":"GEMBLUE HOPPY 0.7L updated price","timestamp":"2020-12-07T08:34:49.236Z"}
{"level":"info","message":"GEMBLUE MOLITOR 0.7L updated price","timestamp":"2020-12-07T08:34:49.241Z"}
{"level":"info","message":"GENEROUS GIN CORIANDER & COMBAVA 0.7L updated price","timestamp":"2020-12-07T08:34:49.245Z"}
{"level":"info","message":"GENEROUS GIN FRESH & AROMATIC 0.7L updated price","timestamp":"2020-12-07T08:34:49.248Z"}
{"level":"info","message":"GERANIUM PREMIUM 0.7L updated price","timestamp":"2020-12-07T08:34:49.251Z"}
{"level":"info","message":"GERANIUM PREMIUM 55 0.7L updated price","timestamp":"2020-12-07T08:34:49.258Z"}
{"level":"info","message":"GIN DEL PROFESSORE A LA MADAME 0.7L updated price","timestamp":"2020-12-07T08:34:49.262Z"}
{"level":"info","message":"GIN DEL PROFESSORE AUTHENTIC CROCODILE 0.7L updated price","timestamp":"2020-12-07T08:34:49.266Z"}
{"level":"info","message":"GIN DEL PROFESSORE JERRY THOMAS SPEAKEASY 0.7L updated price","timestamp":"2020-12-07T08:34:49.270Z"}
{"level":"info","message":"GIN LANE 1751 LONDON DRY ROYAL STRENGTH 0.7L updated price","timestamp":"2020-12-07T08:34:49.273Z"}
{"level":"info","message":"GIN LANE 1751 OLD TOM GIN 0.7L updated price","timestamp":"2020-12-07T08:34:49.278Z"}
{"level":"info","message":"GIN LANE 1751 SMALL BATCH LONDON DRY GIN 0.7L updated price","timestamp":"2020-12-07T08:34:49.281Z"}
{"level":"info","message":"GIN MARE 0.7L updated price","timestamp":"2020-12-07T08:34:49.285Z"}
{"level":"info","message":"GIN MARE CU 2 PAHARE 0.7L updated price","timestamp":"2020-12-07T08:34:49.289Z"}
{"level":"info","message":"GIN SUL 0.5L updated price","timestamp":"2020-12-07T08:34:49.293Z"}
{"level":"info","message":"GIN'CA BERRIES EDITION 0.7L updated price","timestamp":"2020-12-07T08:34:49.297Z"}
{"level":"info","message":"GIN'CA SMALL BATCH 0.7L updated price","timestamp":"2020-12-07T08:34:49.300Z"}
{"level":"info","message":"GINRAW 0.7L updated price","timestamp":"2020-12-07T08:34:49.304Z"}
{"level":"info","message":"GOLD 999.9 GIN 0.7L updated price","timestamp":"2020-12-07T08:34:49.309Z"}
{"level":"info","message":"GORDON'S PREMIUM PINK 0.7L updated price","timestamp":"2020-12-07T08:34:49.316Z"}
{"level":"info","message":"GORDON'S PREMIUM PINK 1L updated price","timestamp":"2020-12-07T08:34:49.318Z"}
{"level":"info","message":"GORDON'S SICILIAN LEMON 0.7L updated price","timestamp":"2020-12-07T08:34:49.321Z"}
{"level":"info","message":"HARAHORN 0.5L updated price","timestamp":"2020-12-07T08:34:49.325Z"}
{"level":"info","message":"HARAHORN PINK GIN 0.5L updated price","timestamp":"2020-12-07T08:34:49.329Z"}
{"level":"info","message":"HARAHORN WHITE LEMON 0.5L updated price","timestamp":"2020-12-07T08:34:49.334Z"}
{"level":"info","message":"HENDRICK'S 0.7L updated price","timestamp":"2020-12-07T08:34:49.338Z"}
{"level":"info","message":"HENDRICK'S 1L updated price","timestamp":"2020-12-07T08:34:49.342Z"}
{"level":"info","message":"HENDRICK'S AMAZONIA 1L updated price","timestamp":"2020-12-07T08:34:49.346Z"}
{"level":"info","message":"HENDRICK'S CU CEASCA CEAI 1L updated price","timestamp":"2020-12-07T08:34:49.349Z"}
{"level":"info","message":"HENDRICK'S CUCUMBER CURLING APPARATUS 0.7L updated price","timestamp":"2020-12-07T08:34:49.353Z"}
{"level":"info","message":"HENDRICK'S MIDSUMMER SOLSTICE 0.7L updated price","timestamp":"2020-12-07T08:34:49.361Z"}
{"level":"info","message":"HENDRICK'S ORBIUM 0.7L updated price","timestamp":"2020-12-07T08:34:49.365Z"}
{"level":"info","message":"JAISALMER INDIAN CRAFT GIN 0.7L updated price","timestamp":"2020-12-07T08:34:49.368Z"}
{"level":"info","message":"JODHPUR RESERVE 0.5L updated price","timestamp":"2020-12-07T08:34:49.379Z"}
{"level":"info","message":"KI NO BI KYOTO DRY GIN 0.7L updated price","timestamp":"2020-12-07T08:34:49.384Z"}
{"level":"info","message":"KOMASA GIN HOJICHA 0.5L updated price","timestamp":"2020-12-07T08:34:49.387Z"}
{"level":"info","message":"KOMASA GIN SAKURAJIMA KOMIKAN 0.5L updated price","timestamp":"2020-12-07T08:34:49.390Z"}
{"level":"info","message":"KYRO DARK GIN 0.5L updated price","timestamp":"2020-12-07T08:34:49.393Z"}
{"level":"info","message":"KYRO GIN 0.5L updated price","timestamp":"2020-12-07T08:34:49.396Z"}
{"level":"info","message":"LADY ANN DRY GIN 0.7L updated price","timestamp":"2020-12-07T08:34:49.399Z"}
{"level":"info","message":"LARIOS ROSE GIN CU PAHAR 0.7L updated price","timestamp":"2020-12-07T08:34:49.415Z"}
{"level":"info","message":"LUXARDO LONDON DRY GIN 0.7L updated price","timestamp":"2020-12-07T08:34:49.419Z"}
{"level":"info","message":"LUXARDO LONDON DRY GIN 1L updated price","timestamp":"2020-12-07T08:34:49.423Z"}
{"level":"info","message":"MALFY CON ARANCIA 0.7L updated price","timestamp":"2020-12-07T08:34:49.428Z"}
{"level":"info","message":"MALFY CON LIMONE 1.75L updated price","timestamp":"2020-12-07T08:34:49.432Z"}
{"level":"info","message":"MALFY CON LIMONE 1L updated price","timestamp":"2020-12-07T08:34:49.435Z"}
{"level":"info","message":"MALFY MIXED FLAVOURS MINISET updated price","timestamp":"2020-12-07T08:34:49.441Z"}
{"level":"info","message":"MALFY ORIGINALE 0.7L updated price","timestamp":"2020-12-07T08:34:49.445Z"}
{"level":"info","message":"MARTIN MILLER'S 26 MOONS BARREL AGED 0.35L updated price","timestamp":"2020-12-07T08:34:49.448Z"}
{"level":"info","message":"MARTIN MILLER'S GIN 0.7L updated price","timestamp":"2020-12-07T08:34:49.451Z"}
{"level":"info","message":"MARTIN MILLER'S WESTBOURNE STRENGHT GIN 0.7L updated price","timestamp":"2020-12-07T08:34:49.454Z"}
{"level":"info","message":"MARYLEBONE CASK AGED GIN 0.7L updated price","timestamp":"2020-12-07T08:34:49.457Z"}
{"level":"info","message":"MARYLEBONE LONDON DRY GIN 0.7L updated price","timestamp":"2020-12-07T08:34:49.462Z"}
{"level":"info","message":"MARYLEBONE ORANGE  & GERANIUM GIN 0.7L updated price","timestamp":"2020-12-07T08:34:49.465Z"}
{"level":"info","message":"MAYFAIR LONDON DRY GIN 0.7L updated price","timestamp":"2020-12-07T08:34:49.468Z"}
{"level":"info","message":"MCQUEEN AND THE VIOLET FOG 0.7L updated price","timestamp":"2020-12-07T08:34:49.471Z"}
{"level":"info","message":"MOM LOVE 0.7L updated price","timestamp":"2020-12-07T08:34:49.476Z"}
{"level":"info","message":"MOM ROYAL ROCKS PURITY 0.7L updated price","timestamp":"2020-12-07T08:34:49.481Z"}
{"level":"info","message":"MOM ROYAL SMOOTHNESS 0.7L updated price","timestamp":"2020-12-07T08:34:49.487Z"}
{"level":"info","message":"MOMBASA CLUB GIN 0.7L updated price","timestamp":"2020-12-07T08:34:49.492Z"}
{"level":"info","message":"MOMBASA CLUB STRAWBERRY EDITION GIN 0.7L updated price","timestamp":"2020-12-07T08:34:49.495Z"}
{"level":"info","message":"MOMBASA CLUB STRAWBERRY EDITION GIN CU PAHAR 0.7L updated price","timestamp":"2020-12-07T08:34:49.498Z"}
{"level":"info","message":"MONKEY 47 0.5L updated price","timestamp":"2020-12-07T08:34:49.501Z"}
{"level":"info","message":"MONKEY 47 BARREL CUT 0.5L updated price","timestamp":"2020-12-07T08:34:49.505Z"}
{"level":"info","message":"MONKEY 47 SLOE GIN 0.5L updated price","timestamp":"2020-12-07T08:34:49.509Z"}
{"level":"info","message":"NIKKA COFFEY GIN 0.7L updated price","timestamp":"2020-12-07T08:34:49.513Z"}
{"level":"info","message":"NO. 3 LONDON DRY GIN 0.7L updated price","timestamp":"2020-12-07T08:34:49.515Z"}
{"level":"info","message":"NORDES ATLANTIC GALICIAN GIN 0.7L updated price","timestamp":"2020-12-07T08:34:49.519Z"}
{"level":"info","message":"NORDES ATLANTIC GALICIAN GIN 1L updated price","timestamp":"2020-12-07T08:34:49.523Z"}
{"level":"info","message":"OKINAWA 0.7L updated price","timestamp":"2020-12-07T08:34:49.527Z"}
{"level":"info","message":"ONE KEY 0.7L updated price","timestamp":"2020-12-07T08:34:49.532Z"}
{"level":"info","message":"OPIHR ORIENTAL SPICED 0.7L updated price","timestamp":"2020-12-07T08:34:49.535Z"}
{"level":"info","message":"OPIHR ORIENTAL SPICED 1L updated price","timestamp":"2020-12-07T08:34:49.539Z"}
{"level":"info","message":"OPIHR ORIENTAL SPICED CU PAHAR 0.7L updated price","timestamp":"2020-12-07T08:34:49.542Z"}
{"level":"info","message":"PANDA GIN 0.5L updated price","timestamp":"2020-12-07T08:34:49.547Z"}
{"level":"info","message":"PEAKY BLINDER SPICED DRY GIN 0.7L updated price","timestamp":"2020-12-07T08:34:49.550Z"}
{"level":"info","message":"PEAKY BLINDER SPICED DRY GIN CU PAHAR 0.7L updated price","timestamp":"2020-12-07T08:34:49.553Z"}
{"level":"info","message":"PETER IN FLORENCE LONDON DRY GIN 0.5L updated price","timestamp":"2020-12-07T08:34:49.556Z"}
{"level":"info","message":"PINK 47 0.7L updated price","timestamp":"2020-12-07T08:34:49.558Z"}
{"level":"info","message":"PINK ROYAL 0.7L updated price","timestamp":"2020-12-07T08:34:49.561Z"}
{"level":"info","message":"PLYMOUTH GIN 0.7L updated price","timestamp":"2020-12-07T08:34:49.564Z"}
{"level":"info","message":"PLYMOUTH SLOE GIN 0.7L updated price","timestamp":"2020-12-07T08:34:49.567Z"}
{"level":"info","message":"POPPIES GIN 0.5L updated price","timestamp":"2020-12-07T08:34:49.570Z"}
{"level":"info","message":"PORT OF DRAGONS DRY GIN 0.7L updated price","timestamp":"2020-12-07T08:34:49.574Z"}
{"level":"info","message":"PORT OF DRAGONS FLORAL 0.7L updated price","timestamp":"2020-12-07T08:34:49.578Z"}
{"level":"info","message":"PORT OF DRAGONS PURE GIN 0.7L updated price","timestamp":"2020-12-07T08:34:49.581Z"}
{"level":"info","message":"RADERMACHER 1836 GIN 0.7L updated price","timestamp":"2020-12-07T08:34:49.584Z"}
{"level":"info","message":"RADERMACHER 1836 GIN BARREL AGED 0.7L updated price","timestamp":"2020-12-07T08:34:49.589Z"}
{"level":"info","message":"RADERMACHER 1836 GIN PINK VERSION 0.7L updated price","timestamp":"2020-12-07T08:34:49.593Z"}
{"level":"info","message":"ROBY MARTON 0.7L updated price","timestamp":"2020-12-07T08:34:49.596Z"}
{"level":"info","message":"RON DE JEREMY HEDGEHOG GIN 0.7L updated price","timestamp":"2020-12-07T08:34:49.599Z"}
{"level":"info","message":"SAFFRON GIN 0.7L updated price","timestamp":"2020-12-07T08:34:49.601Z"}
{"level":"info","message":"SAKURAO 0.7L updated price","timestamp":"2020-12-07T08:34:49.605Z"}
{"level":"info","message":"SEEDLIP GARDEN 108 FARA ALCOOL 0.7L updated price","timestamp":"2020-12-07T08:34:49.613Z"}
{"level":"info","message":"SEEDLIP GROVE 42 FARA ALCOOL 0.7L updated price","timestamp":"2020-12-07T08:34:49.617Z"}
{"level":"info","message":"SEEDLIP SPICE 94 FARA ALCOOL 0.7L updated price","timestamp":"2020-12-07T08:34:49.621Z"}
{"level":"info","message":"SILENT POOL 0.7L updated price","timestamp":"2020-12-07T08:34:49.625Z"}
{"level":"info","message":"SIPSMITH LONDON DRY GIN 0.7L updated price","timestamp":"2020-12-07T08:34:49.628Z"}
{"level":"info","message":"SIPSMITH SLOE GIN 2017 0.5L updated price","timestamp":"2020-12-07T08:34:49.632Z"}
{"level":"info","message":"SIPSMITH VJOP 0.7L updated price","timestamp":"2020-12-07T08:34:49.635Z"}
{"level":"info","message":"SUNTORY ROKU GIN 0.7L updated price","timestamp":"2020-12-07T08:34:49.638Z"}
{"level":"info","message":"TANN'S GIN 0.7L updated price","timestamp":"2020-12-07T08:34:49.642Z"}
{"level":"info","message":"TANQUERAY 43.1% 1L updated price","timestamp":"2020-12-07T08:34:49.647Z"}
{"level":"info","message":"TANQUERAY FLOR DE SEVILLA 1L updated price","timestamp":"2020-12-07T08:34:49.650Z"}
{"level":"info","message":"TANQUERAY FLOR DE SEVILLA CU PAHAR 0.7L updated price","timestamp":"2020-12-07T08:34:49.654Z"}
{"level":"info","message":"TANQUERAY NO 10 0.7L updated price","timestamp":"2020-12-07T08:34:49.659Z"}
{"level":"info","message":"TANQUERAY NO 10 1L updated price","timestamp":"2020-12-07T08:34:49.663Z"}
{"level":"info","message":"TANQUERAY RANGPUR 0.7L updated price","timestamp":"2020-12-07T08:34:49.666Z"}
{"level":"info","message":"TANQUERAY RANGPUR 1L updated price","timestamp":"2020-12-07T08:34:49.668Z"}
{"level":"info","message":"THE BOTANIST ISLAY DRY GIN 0.7L updated price","timestamp":"2020-12-07T08:34:49.671Z"}
{"level":"info","message":"THE BOTANIST ISLAY DRY GIN 1L updated price","timestamp":"2020-12-07T08:34:49.675Z"}
{"level":"info","message":"THE GIN BOX WORLD TOUR EDITION updated price","timestamp":"2020-12-07T08:34:49.679Z"}
{"level":"info","message":"THE ILLUSIONIST DRY GIN 0.5L updated price","timestamp":"2020-12-07T08:34:49.682Z"}
{"level":"info","message":"THE KING OF SOHO 0.7L updated price","timestamp":"2020-12-07T08:34:49.685Z"}
{"level":"info","message":"THE LONDON NO1 1L updated price","timestamp":"2020-12-07T08:34:49.688Z"}
{"level":"info","message":"TOBERMORY HEBRIDEAN GIN 0.7L updated price","timestamp":"2020-12-07T08:34:49.692Z"}
{"level":"info","message":"UNGAVA 0.7L updated price","timestamp":"2020-12-07T08:34:49.696Z"}
{"level":"info","message":"UNGAVA 1L updated price","timestamp":"2020-12-07T08:34:49.698Z"}
{"level":"info","message":"UPPERCUT DRY GIN 0.7L updated price","timestamp":"2020-12-07T08:34:49.701Z"}
{"level":"info","message":"VILLA ASCENTI GIN 0.7L updated price","timestamp":"2020-12-07T08:34:49.704Z"}
{"level":"info","message":"VIRUNGA GIN 0.5L updated price","timestamp":"2020-12-07T08:34:49.709Z"}
{"level":"info","message":"WEMBLEY DRY GIN 1L updated price","timestamp":"2020-12-07T08:34:49.714Z"}
{"level":"info","message":"WHITLEY NEILL AGRISE GIN 0.7L updated price","timestamp":"2020-12-07T08:34:49.722Z"}
{"level":"info","message":"WHITLEY NEILL ALOE VERA SI CASTRAVETE GIN 0.7L updated price","timestamp":"2020-12-07T08:34:49.727Z"}
{"level":"info","message":"WHITLEY NEILL GRAPEFRUIT ROZ GIN 0.7L updated price","timestamp":"2020-12-07T08:34:49.732Z"}
{"level":"info","message":"WHITLEY NEILL GUTUI GIN 0.7L updated price","timestamp":"2020-12-07T08:34:49.739Z"}
{"level":"info","message":"WHITLEY NEILL LEMONGRASS & GHIMBIR GIN 0.7L updated price","timestamp":"2020-12-07T08:34:49.745Z"}
{"level":"info","message":"WHITLEY NEILL MURE GIN 0.7L updated price","timestamp":"2020-12-07T08:34:49.748Z"}
{"level":"info","message":"WHITLEY NEILL ORIGINAL GIN 0.7L updated price","timestamp":"2020-12-07T08:34:49.751Z"}
{"level":"info","message":"WHITLEY NEILL ORIGINAL GIN CU PAHAR 0.7L updated price","timestamp":"2020-12-07T08:34:49.754Z"}
{"level":"info","message":"WHITLEY NEILL PORTOCALE ROSII GIN 0.7L updated price","timestamp":"2020-12-07T08:34:49.757Z"}
{"level":"info","message":"WHITLEY NEILL PORTOCALE ROSII GIN CU PAHAR 0.7L updated price","timestamp":"2020-12-07T08:34:49.760Z"}
{"level":"info","message":"WHITLEY NEILL RUBARBA SI GHIMBIR GIN 0.7L updated price","timestamp":"2020-12-07T08:34:49.763Z"}
{"level":"info","message":"WHITLEY NEILL RUBARBA SI GHIMBIR GIN 1L updated price","timestamp":"2020-12-07T08:34:49.765Z"}
{"level":"info","message":"WHITLEY NEILL RUBARBA SI GHIMBIR GIN CU PAHAR 0.7L updated price","timestamp":"2020-12-07T08:34:49.768Z"}
{"level":"info","message":"WHITLEY NEILL SMALL BATCH GIN 1L updated price","timestamp":"2020-12-07T08:34:49.772Z"}
{"level":"info","message":"WHITLEY NEILL VIOLETE DE PARMA GIN 0.7L updated price","timestamp":"2020-12-07T08:34:49.777Z"}
{"level":"info","message":"WHITLEY NEILL ZMEURA GIN 0.7L updated price","timestamp":"2020-12-07T08:34:49.782Z"}
{"level":"info","message":"WHITLEY NEILL ZMEURA GIN CU PAHAR 0.7L updated price","timestamp":"2020-12-07T08:34:49.785Z"}
{"level":"info","message":"ZOUTE GRAND PRIX GIN 0.5L updated price","timestamp":"2020-12-07T08:34:49.788Z"}
{"level":"info","message":"Superdrinks.No updates found.","timestamp":"2020-12-07T08:35:34.784Z"}
{"level":"info","message":"Finestore.No updates found.","timestamp":"2020-12-07T08:39:54.105Z"}
{"level":"info","message":"Finestore.No updates found.","timestamp":"2020-12-07T08:41:45.152Z"}
{"level":"info","message":"Superdrinks.No updates found.","timestamp":"2020-12-07T08:41:48.922Z"}
{"level":"info","message":"Finestore.No updates found.","timestamp":"2020-12-07T08:46:27.643Z"}
{"level":"info","message":"Superdrinks.No updates found.","timestamp":"2020-12-07T08:46:31.760Z"}
{"name":"MongoError","level":"error","timestamp":"2020-12-07T08:47:19.650Z"}
{"level":"info","message":"Finestore.No updates found.","timestamp":"2020-12-07T08:48:42.078Z"}
{"level":"info","message":"Superdrinks.No updates found.","timestamp":"2020-12-07T08:48:52.003Z"}
{"level":"error","timestamp":"2020-12-07T14:33:23.932Z"}
{"level":"error","timestamp":"2020-12-07T14:38:08.046Z"}
{"level":"info","message":"Finestore.No updates found.","timestamp":"2020-12-07T15:36:13.510Z"}
{"level":"info","message":"Superdrinks.No updates found.","timestamp":"2020-12-07T15:36:21.705Z"}
{"level":"info","message":"AVIATION AMERICAN GIN 0.7L updated price","timestamp":"2020-12-07T15:36:25.850Z"}
{"level":"info","message":"BEEFEATER 24 DRY GIN 0.7L updated price","timestamp":"2020-12-07T15:36:25.854Z"}
{"level":"info","message":"BEEFEATER DRY GIN 0.05L updated price","timestamp":"2020-12-07T15:36:25.858Z"}
{"level":"info","message":"BEEFEATER DRY GIN 0.7L updated price","timestamp":"2020-12-07T15:36:25.862Z"}
{"level":"info","message":"BEEFEATER DRY GIN 1L updated price","timestamp":"2020-12-07T15:36:25.865Z"}
{"level":"info","message":"BEEFEATER LONDON PINK 0.7L updated price","timestamp":"2020-12-07T15:36:25.868Z"}
{"level":"info","message":"BOMBAY SAPPHIRE 0.05L updated price","timestamp":"2020-12-07T15:36:25.872Z"}
{"level":"info","message":"BOMBAY SAPPHIRE 1L updated price","timestamp":"2020-12-07T15:36:25.876Z"}
{"level":"info","message":"BROCKMANS 0.7L updated price","timestamp":"2020-12-07T15:36:25.879Z"}
{"level":"info","message":"BROCKMANS EXCLUSIVE GIN GLASS 0.7L updated price","timestamp":"2020-12-07T15:36:25.882Z"}
{"level":"info","message":"BULLDOG GIN 0.05L updated price","timestamp":"2020-12-07T15:36:25.885Z"}
{"level":"info","message":"BULLDOG GIN 0.7L updated price","timestamp":"2020-12-07T15:36:25.888Z"}
{"level":"info","message":"BULLDOG GIN 1L updated price","timestamp":"2020-12-07T15:36:25.892Z"}
{"level":"info","message":"CAORUNN SMALL BATCH SCOTTISH GIN 0.7L updated price","timestamp":"2020-12-07T15:36:25.896Z"}
{"level":"info","message":"CITADELLE GIN 0.7L updated price","timestamp":"2020-12-07T15:36:25.899Z"}
{"level":"info","message":"CITADELLE GIN TONIC GIFT SET 0.7L updated price","timestamp":"2020-12-07T15:36:25.902Z"}
{"level":"info","message":"CITADELLE NO MISTAKE OLD TOM GIN 0.5L updated price","timestamp":"2020-12-07T15:36:25.906Z"}
{"level":"info","message":"COLOMBIAN DICTADOR PREMIUM BLACK GIN 0.7L updated price","timestamp":"2020-12-07T15:36:25.909Z"}
{"level":"info","message":"COLOMBIAN DICTADOR PREMIUM WHITE GIN 0.7L updated price","timestamp":"2020-12-07T15:36:25.913Z"}
{"level":"info","message":"COPPERHEAD 0.5L updated price","timestamp":"2020-12-07T15:36:25.917Z"}
{"level":"info","message":"COPPERHEAD BLACK BATCH 0.5L updated price","timestamp":"2020-12-07T15:36:25.921Z"}
{"level":"info","message":"COPPERHEAD THE GIPSON EDITION 0.5L updated price","timestamp":"2020-12-07T15:36:25.923Z"}
{"level":"info","message":"DEL PROFESSORE A LA MADAME GIN 0.7L updated price","timestamp":"2020-12-07T15:36:25.926Z"}
{"level":"info","message":"DEL PROFESSORE CROCODILE GIN 0.7L updated price","timestamp":"2020-12-07T15:36:25.929Z"}
{"level":"info","message":"DEL PROFESSORE MONSIEUR GIN 0.7L updated price","timestamp":"2020-12-07T15:36:25.932Z"}
{"level":"info","message":"EDINBURGH CLASSIC GIN 0.7L updated price","timestamp":"2020-12-07T15:36:25.935Z"}
{"level":"info","message":"ELEPHANT GIN 0.5L updated price","timestamp":"2020-12-07T15:36:25.938Z"}
{"level":"info","message":"ETSU HANDCRAFTED GIN 0.7L updated price","timestamp":"2020-12-07T15:36:25.941Z"}
{"level":"info","message":"EUPHORIA CANNABIS GIN 0.1L updated price","timestamp":"2020-12-07T15:36:25.947Z"}
{"level":"info","message":"EUPHORIA CANNABIS GIN 0.5L updated price","timestamp":"2020-12-07T15:36:25.951Z"}
{"level":"info","message":"FIFTY POUNDS GIN 0.7L updated price","timestamp":"2020-12-07T15:36:25.955Z"}
{"level":"info","message":"FINSBURY DRY GIN 0.7L updated price","timestamp":"2020-12-07T15:36:25.959Z"}
{"level":"info","message":"G VINE FLORAISON 0.7L updated price","timestamp":"2020-12-07T15:36:25.964Z"}
{"level":"info","message":"G VINE NOUAISON 0.7L updated price","timestamp":"2020-12-07T15:36:25.970Z"}
{"level":"info","message":"GARDEN SHED GIN 0.7L updated price","timestamp":"2020-12-07T15:36:25.974Z"}
{"level":"info","message":"GIN MARE 0.7L updated price","timestamp":"2020-12-07T15:36:25.978Z"}
{"level":"info","message":"GLENCAIRN GOBLET GIN PAHAR updated price","timestamp":"2020-12-07T15:36:25.984Z"}
{"level":"info","message":"GORDON'S 0.05L updated price","timestamp":"2020-12-07T15:36:25.989Z"}
{"level":"info","message":"GORDON'S DRY GIN 0.2L updated price","timestamp":"2020-12-07T15:36:25.994Z"}
{"level":"info","message":"GORDON'S DRY GIN 0.7L updated price","timestamp":"2020-12-07T15:36:25.998Z"}
{"level":"info","message":"GORDON'S DRY GIN 1L updated price","timestamp":"2020-12-07T15:36:26.003Z"}
{"level":"info","message":"GORDON'S DRY GIN TONIC PACK 0.7L updated price","timestamp":"2020-12-07T15:36:26.006Z"}
{"level":"info","message":"GORDON'S ELDERFLOWER 0.7L updated price","timestamp":"2020-12-07T15:36:26.009Z"}
{"level":"info","message":"GORDON'S PINK 0.7L updated price","timestamp":"2020-12-07T15:36:26.013Z"}
{"level":"info","message":"GORDON'S SICILIAN LEMON 0.7L updated price","timestamp":"2020-12-07T15:36:26.018Z"}
{"level":"info","message":"GORDON'S SLOE GIN 0.7L updated price","timestamp":"2020-12-07T15:36:26.021Z"}
{"level":"info","message":"GUNPOWDER IRISH GIN 0.7L updated price","timestamp":"2020-12-07T15:36:26.024Z"}
{"level":"info","message":"HENDRICK'S 0.05L updated price","timestamp":"2020-12-07T15:36:26.027Z"}
{"level":"info","message":"HENDRICK'S 0.7L updated price","timestamp":"2020-12-07T15:36:26.031Z"}
{"level":"info","message":"HENDRICK'S 1L updated price","timestamp":"2020-12-07T15:36:26.034Z"}
{"level":"info","message":"HENDRICK'S AMAZONIA GIN 1L updated price","timestamp":"2020-12-07T15:36:26.037Z"}
{"level":"info","message":"HENDRICK'S MIDSUMMER SOLSTICE 0.7L updated price","timestamp":"2020-12-07T15:36:26.041Z"}
{"level":"info","message":"HENDRICK'S TEA TIME 1L updated price","timestamp":"2020-12-07T15:36:26.045Z"}
{"level":"info","message":"KI NO BI KYOTO GIN 0.7L updated price","timestamp":"2020-12-07T15:36:26.049Z"}
{"level":"info","message":"KNUT HANSEN DRY GIN 0.5L updated price","timestamp":"2020-12-07T15:36:26.054Z"}
{"level":"info","message":"LARIOS GIN 1L updated price","timestamp":"2020-12-07T15:36:26.058Z"}
{"level":"info","message":"LARIOS ROSE GIFT GLASS 0.7L updated price","timestamp":"2020-12-07T15:36:26.063Z"}
{"level":"info","message":"LUXARDO SOUR CHERRY GIN 0.7L updated price","timestamp":"2020-12-07T15:36:26.067Z"}
{"level":"info","message":"MALFY CON ARANCIA GIN 0.7L updated price","timestamp":"2020-12-07T15:36:26.072Z"}
{"level":"info","message":"MALFY CON LIMONE GIN 0.7L updated price","timestamp":"2020-12-07T15:36:26.076Z"}
{"level":"info","message":"MALFY ORIGINALE GIN 0.7L updated price","timestamp":"2020-12-07T15:36:26.079Z"}
{"level":"info","message":"MALFY ROSA GIN 0.7L updated price","timestamp":"2020-12-07T15:36:26.087Z"}
{"level":"info","message":"MALFY SET MINIATURI 4 X 0.05L updated price","timestamp":"2020-12-07T15:36:26.090Z"}
{"level":"info","message":"MARY LE BONE PREMIUM GIN 0.7L updated price","timestamp":"2020-12-07T15:36:26.094Z"}
{"level":"info","message":"MOMBASA CLUB COLONEL'S RESERVE 0.7L updated price","timestamp":"2020-12-07T15:36:26.099Z"}
{"level":"info","message":"MOMBASA CLUB GIN 0.7L updated price","timestamp":"2020-12-07T15:36:26.103Z"}
{"level":"info","message":"MONKEY 47 0.05L updated price","timestamp":"2020-12-07T15:36:26.107Z"}
{"level":"info","message":"MONKEY 47 0.5L updated price","timestamp":"2020-12-07T15:36:26.111Z"}
{"level":"info","message":"MONKEY 47 SLOE GIN 0.5L updated price","timestamp":"2020-12-07T15:36:26.115Z"}
{"level":"info","message":"NIKKA COFFEY GIN 0.7L updated price","timestamp":"2020-12-07T15:36:26.119Z"}
{"level":"info","message":"NOLET'S SILVER DRY GIN 0.7L updated price","timestamp":"2020-12-07T15:36:26.123Z"}
{"level":"info","message":"NORDES ATLANTIC GALICIAN GIN 0.7L updated price","timestamp":"2020-12-07T15:36:26.129Z"}
{"level":"info","message":"OLIVE GIN 0.5L updated price","timestamp":"2020-12-07T15:36:26.133Z"}
{"level":"info","message":"OPIHR ORIENTAL SPICED 0.7L updated price","timestamp":"2020-12-07T15:36:26.136Z"}
{"level":"info","message":"OPIHR ORIENTAL SPICED 1L updated price","timestamp":"2020-12-07T15:36:26.139Z"}
{"level":"info","message":"PEAKY BLINDER SPICED DRY GIN 0.7L updated price","timestamp":"2020-12-07T15:36:26.142Z"}
{"level":"info","message":"PICKERING'S GIN BAUBLES 6 X 0.05L updated price","timestamp":"2020-12-07T15:36:26.145Z"}
{"level":"info","message":"PINK 47 LONDON DRY GIN 0.7L updated price","timestamp":"2020-12-07T15:36:26.149Z"}
{"level":"info","message":"PLYMOUTH GIN 0.7L updated price","timestamp":"2020-12-07T15:36:26.152Z"}
{"level":"info","message":"PLYMOUTH NAVY STRENGHT GIN 0.7L updated price","timestamp":"2020-12-07T15:36:26.155Z"}
{"level":"info","message":"PLYMOUTH SLOE GIN 0.7L updated price","timestamp":"2020-12-07T15:36:26.158Z"}
{"level":"info","message":"ROKU GIN 0.7L updated price","timestamp":"2020-12-07T15:36:26.162Z"}
{"level":"info","message":"RONER Z44 GIN 0.7L updated price","timestamp":"2020-12-07T15:36:26.165Z"}
{"level":"info","message":"SAFFRON GIN 0.05L updated price","timestamp":"2020-12-07T15:36:26.168Z"}
{"level":"info","message":"SAFFRON GIN 0.7L updated price","timestamp":"2020-12-07T15:36:26.171Z"}
{"level":"info","message":"SAKURAO DRY GIN 0.7L updated price","timestamp":"2020-12-07T15:36:26.174Z"}
{"level":"info","message":"SEAGRAM'S EXTRA DRY GIN 0.7L updated price","timestamp":"2020-12-07T15:36:26.179Z"}
{"level":"info","message":"SILENT POOL GIN 0.7L updated price","timestamp":"2020-12-07T15:36:26.183Z"}
{"level":"info","message":"STAR OF BOMBAY 0.7L updated price","timestamp":"2020-12-07T15:36:26.186Z"}
{"level":"info","message":"STAR OF BOMBAY 1L updated price","timestamp":"2020-12-07T15:36:26.189Z"}
{"level":"info","message":"TANQUERAY DRY GIN 0.05L updated price","timestamp":"2020-12-07T15:36:26.192Z"}
{"level":"info","message":"TANQUERAY DRY GIN 0.7L updated price","timestamp":"2020-12-07T15:36:26.197Z"}
{"level":"info","message":"TANQUERAY DRY GIN 1L updated price","timestamp":"2020-12-07T15:36:26.200Z"}
{"level":"info","message":"TANQUERAY LOVAGE 1L updated price","timestamp":"2020-12-07T15:36:26.203Z"}
{"level":"info","message":"TANQUERAY MALACCA 1L updated price","timestamp":"2020-12-07T15:36:26.206Z"}
{"level":"info","message":"TANQUERAY RANGPUR 0.05L updated price","timestamp":"2020-12-07T15:36:26.209Z"}
{"level":"info","message":"TANQUERAY RANGPUR 0.7L updated price","timestamp":"2020-12-07T15:36:26.213Z"}
{"level":"info","message":"TANQUERAY RANGPUR 1L updated price","timestamp":"2020-12-07T15:36:26.216Z"}
{"level":"info","message":"TANQUERAY SEVILLA 1L updated price","timestamp":"2020-12-07T15:36:26.219Z"}
{"level":"info","message":"TANQUERAY TEN 0.7L updated price","timestamp":"2020-12-07T15:36:26.222Z"}
{"level":"info","message":"TANQUERAY TEN GIFT SET SANPELLEGRINO TONICA 0.7L updated price","timestamp":"2020-12-07T15:36:26.226Z"}
{"level":"info","message":"TANQUERAY TONIC GIFT SET 0.7L updated price","timestamp":"2020-12-07T15:36:26.230Z"}
{"level":"info","message":"THE BOTANIST ISLAY DRY GIN 0.05L updated price","timestamp":"2020-12-07T15:36:26.233Z"}
{"level":"info","message":"THE BOTANIST ISLAY DRY GIN 0.7L updated price","timestamp":"2020-12-07T15:36:26.236Z"}
{"level":"info","message":"THE BOTANIST ISLAY DRY GIN 1L updated price","timestamp":"2020-12-07T15:36:26.238Z"}
{"level":"info","message":"THE LONDON NO1 BLUE GIN 0.05L updated price","timestamp":"2020-12-07T15:36:26.242Z"}
{"level":"info","message":"THE LONDON NO1 BLUE GIN 1L updated price","timestamp":"2020-12-07T15:36:26.246Z"}
{"level":"info","message":"THE LONDON NO1 BLUE GIN TONIC PACK 1L updated price","timestamp":"2020-12-07T15:36:26.251Z"}
{"level":"info","message":"VILLA ASCENTI GIN 0.7L updated price","timestamp":"2020-12-07T15:36:26.254Z"}
{"level":"info","message":"WEMBLEY DRY GIN 0.7L updated price","timestamp":"2020-12-07T15:36:26.257Z"}
{"level":"info","message":"WHITLEY NEILL ALOE & CUCUMBER 0.7L updated price","timestamp":"2020-12-07T15:36:26.264Z"}
{"level":"info","message":"WHITLEY NEILL BLACKBERRY 0.7L updated price","timestamp":"2020-12-07T15:36:26.267Z"}
{"level":"info","message":"WHITLEY NEILL BLOOD ORANGE GIN 0.7L updated price","timestamp":"2020-12-07T15:36:26.271Z"}
{"level":"info","message":"WHITLEY NEILL GOOSEBERRY GIN 0.7L updated price","timestamp":"2020-12-07T15:36:26.275Z"}
{"level":"info","message":"WHITLEY NEILL LEMONGRASS & GINGER 0.7L updated price","timestamp":"2020-12-07T15:36:26.280Z"}
{"level":"info","message":"WHITLEY NEILL ORIGINAL 0.7L updated price","timestamp":"2020-12-07T15:36:26.284Z"}
{"level":"info","message":"WHITLEY NEILL PARMA VIOLET 0.7L updated price","timestamp":"2020-12-07T15:36:26.289Z"}
{"level":"info","message":"WHITLEY NEILL PINK GRAPEFRUIT 0.7L updated price","timestamp":"2020-12-07T15:36:26.293Z"}
{"level":"info","message":"WHITLEY NEILL QUINCE GIN TONIC GIFT SET 0.7L updated price","timestamp":"2020-12-07T15:36:26.296Z"}
{"level":"info","message":"WHITLEY NEILL RASPBERRY 0.7L updated price","timestamp":"2020-12-07T15:36:26.301Z"}
{"level":"info","message":"WHITLEY NEILL RHUBARB & GINGER 0.7L updated price","timestamp":"2020-12-07T15:36:26.305Z"}
{"level":"info","message":"Finestore.No updates found.","timestamp":"2020-12-07T15:38:51.861Z"}
{"level":"info","message":"Superdrinks.No updates found.","timestamp":"2020-12-07T15:38:59.849Z"}
{"level":"info","message":"121 new items added to database","timestamp":"2020-12-07T15:39:04.587Z"}
{"level":"info","message":"Finestore.No updates found.","timestamp":"2020-12-07T15:39:19.292Z"}
{"level":"info","message":"Superdrinks.No updates found.","timestamp":"2020-12-07T15:39:28.018Z"}
{"level":"info","message":"AVIATION AMERICAN GIN 0.7L updated price","timestamp":"2020-12-07T15:39:35.601Z"}
{"level":"info","message":"BEEFEATER 24 DRY GIN 0.7L updated price","timestamp":"2020-12-07T15:39:35.606Z"}
{"level":"info","message":"BEEFEATER DRY GIN 0.05L updated price","timestamp":"2020-12-07T15:39:35.611Z"}
{"level":"info","message":"BEEFEATER DRY GIN 0.7L updated price","timestamp":"2020-12-07T15:39:35.615Z"}
{"level":"info","message":"BEEFEATER DRY GIN 1L updated price","timestamp":"2020-12-07T15:39:35.619Z"}
{"level":"info","message":"BEEFEATER LONDON PINK 0.7L updated price","timestamp":"2020-12-07T15:39:35.623Z"}
{"level":"info","message":"BOMBAY SAPPHIRE 0.05L updated price","timestamp":"2020-12-07T15:39:35.626Z"}
{"level":"info","message":"BOMBAY SAPPHIRE 1L updated price","timestamp":"2020-12-07T15:39:35.630Z"}
{"level":"info","message":"BROCKMANS 0.7L updated price","timestamp":"2020-12-07T15:39:35.634Z"}
{"level":"info","message":"BROCKMANS EXCLUSIVE GIN GLASS 0.7L updated price","timestamp":"2020-12-07T15:39:35.638Z"}
{"level":"info","message":"BULLDOG GIN 0.05L updated price","timestamp":"2020-12-07T15:39:35.641Z"}
{"level":"info","message":"BULLDOG GIN 0.7L updated price","timestamp":"2020-12-07T15:39:35.644Z"}
{"level":"info","message":"BULLDOG GIN 1L updated price","timestamp":"2020-12-07T15:39:35.649Z"}
{"level":"info","message":"CAORUNN SMALL BATCH SCOTTISH GIN 0.7L updated price","timestamp":"2020-12-07T15:39:35.653Z"}
{"level":"info","message":"CITADELLE GIN 0.7L updated price","timestamp":"2020-12-07T15:39:35.657Z"}
{"level":"info","message":"CITADELLE GIN TONIC GIFT SET 0.7L updated price","timestamp":"2020-12-07T15:39:35.662Z"}
{"level":"info","message":"CITADELLE NO MISTAKE OLD TOM GIN 0.5L updated price","timestamp":"2020-12-07T15:39:35.666Z"}
{"level":"info","message":"COLOMBIAN DICTADOR PREMIUM BLACK GIN 0.7L updated price","timestamp":"2020-12-07T15:39:35.671Z"}
{"level":"info","message":"COLOMBIAN DICTADOR PREMIUM WHITE GIN 0.7L updated price","timestamp":"2020-12-07T15:39:35.677Z"}
{"level":"info","message":"COPPERHEAD 0.5L updated price","timestamp":"2020-12-07T15:39:35.680Z"}
{"level":"info","message":"COPPERHEAD BLACK BATCH 0.5L updated price","timestamp":"2020-12-07T15:39:35.685Z"}
{"level":"info","message":"COPPERHEAD THE GIPSON EDITION 0.5L updated price","timestamp":"2020-12-07T15:39:35.689Z"}
{"level":"info","message":"DEL PROFESSORE A LA MADAME GIN 0.7L updated price","timestamp":"2020-12-07T15:39:35.694Z"}
{"level":"info","message":"DEL PROFESSORE CROCODILE GIN 0.7L updated price","timestamp":"2020-12-07T15:39:35.699Z"}
{"level":"info","message":"DEL PROFESSORE MONSIEUR GIN 0.7L updated price","timestamp":"2020-12-07T15:39:35.703Z"}
{"level":"info","message":"EDINBURGH CLASSIC GIN 0.7L updated price","timestamp":"2020-12-07T15:39:35.709Z"}
{"level":"info","message":"ELEPHANT GIN 0.5L updated price","timestamp":"2020-12-07T15:39:35.713Z"}
{"level":"info","message":"ETSU HANDCRAFTED GIN 0.7L updated price","timestamp":"2020-12-07T15:39:35.716Z"}
{"level":"info","message":"EUPHORIA CANNABIS GIN 0.1L updated price","timestamp":"2020-12-07T15:39:35.721Z"}
{"level":"info","message":"EUPHORIA CANNABIS GIN 0.5L updated price","timestamp":"2020-12-07T15:39:35.726Z"}
{"level":"info","message":"FIFTY POUNDS GIN 0.7L updated price","timestamp":"2020-12-07T15:39:35.731Z"}
{"level":"info","message":"FINSBURY DRY GIN 0.7L updated price","timestamp":"2020-12-07T15:39:35.734Z"}
{"level":"info","message":"G VINE FLORAISON 0.7L updated price","timestamp":"2020-12-07T15:39:35.737Z"}
{"level":"info","message":"G VINE NOUAISON 0.7L updated price","timestamp":"2020-12-07T15:39:35.741Z"}
{"level":"info","message":"GARDEN SHED GIN 0.7L updated price","timestamp":"2020-12-07T15:39:35.746Z"}
{"level":"info","message":"GIN MARE 0.7L updated price","timestamp":"2020-12-07T15:39:35.750Z"}
{"level":"info","message":"GLENCAIRN GOBLET GIN PAHAR updated price","timestamp":"2020-12-07T15:39:35.753Z"}
{"level":"info","message":"GORDON'S 0.05L updated price","timestamp":"2020-12-07T15:39:35.758Z"}
{"level":"info","message":"GORDON'S DRY GIN 0.2L updated price","timestamp":"2020-12-07T15:39:35.762Z"}
{"level":"info","message":"GORDON'S DRY GIN 0.7L updated price","timestamp":"2020-12-07T15:39:35.766Z"}
{"level":"info","message":"GORDON'S DRY GIN 1L updated price","timestamp":"2020-12-07T15:39:35.769Z"}
{"level":"info","message":"GORDON'S DRY GIN TONIC PACK 0.7L updated price","timestamp":"2020-12-07T15:39:35.773Z"}
{"level":"info","message":"GORDON'S ELDERFLOWER 0.7L updated price","timestamp":"2020-12-07T15:39:35.777Z"}
{"level":"info","message":"GORDON'S PINK 0.7L updated price","timestamp":"2020-12-07T15:39:35.782Z"}
{"level":"info","message":"GORDON'S SICILIAN LEMON 0.7L updated price","timestamp":"2020-12-07T15:39:35.786Z"}
{"level":"info","message":"GORDON'S SLOE GIN 0.7L updated price","timestamp":"2020-12-07T15:39:35.790Z"}
{"level":"info","message":"GUNPOWDER IRISH GIN 0.7L updated price","timestamp":"2020-12-07T15:39:35.793Z"}
{"level":"info","message":"HENDRICK'S 0.05L updated price","timestamp":"2020-12-07T15:39:35.797Z"}
{"level":"info","message":"HENDRICK'S 0.7L updated price","timestamp":"2020-12-07T15:39:35.800Z"}
{"level":"info","message":"HENDRICK'S 1L updated price","timestamp":"2020-12-07T15:39:35.804Z"}
{"level":"info","message":"HENDRICK'S AMAZONIA GIN 1L updated price","timestamp":"2020-12-07T15:39:35.810Z"}
{"level":"info","message":"HENDRICK'S MIDSUMMER SOLSTICE 0.7L updated price","timestamp":"2020-12-07T15:39:35.814Z"}
{"level":"info","message":"HENDRICK'S TEA TIME 1L updated price","timestamp":"2020-12-07T15:39:35.817Z"}
{"level":"info","message":"KI NO BI KYOTO GIN 0.7L updated price","timestamp":"2020-12-07T15:39:35.823Z"}
{"level":"info","message":"KNUT HANSEN DRY GIN 0.5L updated price","timestamp":"2020-12-07T15:39:35.827Z"}
{"level":"info","message":"LARIOS GIN 1L updated price","timestamp":"2020-12-07T15:39:35.831Z"}
{"level":"info","message":"LARIOS ROSE GIFT GLASS 0.7L updated price","timestamp":"2020-12-07T15:39:35.834Z"}
{"level":"info","message":"LUXARDO SOUR CHERRY GIN 0.7L updated price","timestamp":"2020-12-07T15:39:35.841Z"}
{"level":"info","message":"MALFY CON ARANCIA GIN 0.7L updated price","timestamp":"2020-12-07T15:39:35.847Z"}
{"level":"info","message":"MALFY CON LIMONE GIN 0.7L updated price","timestamp":"2020-12-07T15:39:35.850Z"}
{"level":"info","message":"MALFY ORIGINALE GIN 0.7L updated price","timestamp":"2020-12-07T15:39:35.855Z"}
{"level":"info","message":"MALFY ROSA GIN 0.7L updated price","timestamp":"2020-12-07T15:39:35.858Z"}
{"level":"info","message":"MALFY SET MINIATURI 4 X 0.05L updated price","timestamp":"2020-12-07T15:39:35.861Z"}
{"level":"info","message":"MARY LE BONE PREMIUM GIN 0.7L updated price","timestamp":"2020-12-07T15:39:35.865Z"}
{"level":"info","message":"MOMBASA CLUB COLONEL'S RESERVE 0.7L updated price","timestamp":"2020-12-07T15:39:35.870Z"}
{"level":"info","message":"MOMBASA CLUB GIN 0.7L updated price","timestamp":"2020-12-07T15:39:35.873Z"}
{"level":"info","message":"MONKEY 47 0.05L updated price","timestamp":"2020-12-07T15:39:35.877Z"}
{"level":"info","message":"MONKEY 47 0.5L updated price","timestamp":"2020-12-07T15:39:35.880Z"}
{"level":"info","message":"MONKEY 47 SLOE GIN 0.5L updated price","timestamp":"2020-12-07T15:39:35.884Z"}
{"level":"info","message":"NIKKA COFFEY GIN 0.7L updated price","timestamp":"2020-12-07T15:39:35.890Z"}
{"level":"info","message":"NOLET'S SILVER DRY GIN 0.7L updated price","timestamp":"2020-12-07T15:39:35.894Z"}
{"level":"info","message":"NORDES ATLANTIC GALICIAN GIN 0.7L updated price","timestamp":"2020-12-07T15:39:35.897Z"}
{"level":"info","message":"OLIVE GIN 0.5L updated price","timestamp":"2020-12-07T15:39:35.901Z"}
{"level":"info","message":"OPIHR ORIENTAL SPICED 0.7L updated price","timestamp":"2020-12-07T15:39:35.904Z"}
{"level":"info","message":"OPIHR ORIENTAL SPICED 1L updated price","timestamp":"2020-12-07T15:39:35.907Z"}
{"level":"info","message":"PEAKY BLINDER SPICED DRY GIN 0.7L updated price","timestamp":"2020-12-07T15:39:35.911Z"}
{"level":"info","message":"PICKERING'S GIN BAUBLES 6 X 0.05L updated price","timestamp":"2020-12-07T15:39:35.914Z"}
{"level":"info","message":"PINK 47 LONDON DRY GIN 0.7L updated price","timestamp":"2020-12-07T15:39:35.917Z"}
{"level":"info","message":"PLYMOUTH GIN 0.7L updated price","timestamp":"2020-12-07T15:39:35.921Z"}
{"level":"info","message":"PLYMOUTH NAVY STRENGHT GIN 0.7L updated price","timestamp":"2020-12-07T15:39:35.924Z"}
{"level":"info","message":"PLYMOUTH SLOE GIN 0.7L updated price","timestamp":"2020-12-07T15:39:35.927Z"}
{"level":"info","message":"ROKU GIN 0.7L updated price","timestamp":"2020-12-07T15:39:35.930Z"}
{"level":"info","message":"RONER Z44 GIN 0.7L updated price","timestamp":"2020-12-07T15:39:35.933Z"}
{"level":"info","message":"SAFFRON GIN 0.05L updated price","timestamp":"2020-12-07T15:39:35.937Z"}
{"level":"info","message":"SAFFRON GIN 0.7L updated price","timestamp":"2020-12-07T15:39:35.940Z"}
{"level":"info","message":"SAKURAO DRY GIN 0.7L updated price","timestamp":"2020-12-07T15:39:35.943Z"}
{"level":"info","message":"SEAGRAM'S EXTRA DRY GIN 0.7L updated price","timestamp":"2020-12-07T15:39:35.946Z"}
{"level":"info","message":"SILENT POOL GIN 0.7L updated price","timestamp":"2020-12-07T15:39:35.949Z"}
{"level":"info","message":"STAR OF BOMBAY 0.7L updated price","timestamp":"2020-12-07T15:39:35.953Z"}
{"level":"info","message":"STAR OF BOMBAY 1L updated price","timestamp":"2020-12-07T15:39:35.957Z"}
{"level":"info","message":"TANQUERAY DRY GIN 0.05L updated price","timestamp":"2020-12-07T15:39:35.960Z"}
{"level":"info","message":"TANQUERAY DRY GIN 0.7L updated price","timestamp":"2020-12-07T15:39:35.963Z"}
{"level":"info","message":"TANQUERAY DRY GIN 1L updated price","timestamp":"2020-12-07T15:39:35.966Z"}
{"level":"info","message":"TANQUERAY LOVAGE 1L updated price","timestamp":"2020-12-07T15:39:35.970Z"}
{"level":"info","message":"TANQUERAY MALACCA 1L updated price","timestamp":"2020-12-07T15:39:35.974Z"}
{"level":"info","message":"TANQUERAY RANGPUR 0.05L updated price","timestamp":"2020-12-07T15:39:35.977Z"}
{"level":"info","message":"TANQUERAY RANGPUR 0.7L updated price","timestamp":"2020-12-07T15:39:35.980Z"}
{"level":"info","message":"TANQUERAY RANGPUR 1L updated price","timestamp":"2020-12-07T15:39:35.983Z"}
{"level":"info","message":"TANQUERAY SEVILLA 1L updated price","timestamp":"2020-12-07T15:39:35.986Z"}
{"level":"info","message":"TANQUERAY TEN 0.7L updated price","timestamp":"2020-12-07T15:39:35.990Z"}
{"level":"info","message":"TANQUERAY TEN GIFT SET SANPELLEGRINO TONICA 0.7L updated price","timestamp":"2020-12-07T15:39:35.994Z"}
{"level":"info","message":"TANQUERAY TONIC GIFT SET 0.7L updated price","timestamp":"2020-12-07T15:39:35.997Z"}
{"level":"info","message":"THE BOTANIST ISLAY DRY GIN 0.05L updated price","timestamp":"2020-12-07T15:39:36.000Z"}
{"level":"info","message":"THE BOTANIST ISLAY DRY GIN 0.7L updated price","timestamp":"2020-12-07T15:39:36.003Z"}
{"level":"info","message":"THE BOTANIST ISLAY DRY GIN 1L updated price","timestamp":"2020-12-07T15:39:36.007Z"}
{"level":"info","message":"THE LONDON NO1 BLUE GIN 0.05L updated price","timestamp":"2020-12-07T15:39:36.011Z"}
{"level":"info","message":"THE LONDON NO1 BLUE GIN 1L updated price","timestamp":"2020-12-07T15:39:36.013Z"}
{"level":"info","message":"THE LONDON NO1 BLUE GIN TONIC PACK 1L updated price","timestamp":"2020-12-07T15:39:36.016Z"}
{"level":"info","message":"VILLA ASCENTI GIN 0.7L updated price","timestamp":"2020-12-07T15:39:36.020Z"}
{"level":"info","message":"WEMBLEY DRY GIN 0.7L updated price","timestamp":"2020-12-07T15:39:36.026Z"}
{"level":"info","message":"WHITLEY NEILL ALOE & CUCUMBER 0.7L updated price","timestamp":"2020-12-07T15:39:36.033Z"}
{"level":"info","message":"WHITLEY NEILL BLACKBERRY 0.7L updated price","timestamp":"2020-12-07T15:39:36.038Z"}
{"level":"info","message":"WHITLEY NEILL BLOOD ORANGE GIN 0.7L updated price","timestamp":"2020-12-07T15:39:36.042Z"}
{"level":"info","message":"WHITLEY NEILL GOOSEBERRY GIN 0.7L updated price","timestamp":"2020-12-07T15:39:36.045Z"}
{"level":"info","message":"WHITLEY NEILL LEMONGRASS & GINGER 0.7L updated price","timestamp":"2020-12-07T15:39:36.048Z"}
{"level":"info","message":"WHITLEY NEILL ORIGINAL 0.7L updated price","timestamp":"2020-12-07T15:39:36.051Z"}
{"level":"info","message":"WHITLEY NEILL PARMA VIOLET 0.7L updated price","timestamp":"2020-12-07T15:39:36.054Z"}
{"level":"info","message":"WHITLEY NEILL PINK GRAPEFRUIT 0.7L updated price","timestamp":"2020-12-07T15:39:36.058Z"}
{"level":"info","message":"WHITLEY NEILL QUINCE GIN TONIC GIFT SET 0.7L updated price","timestamp":"2020-12-07T15:39:36.061Z"}
{"level":"info","message":"WHITLEY NEILL RASPBERRY 0.7L updated price","timestamp":"2020-12-07T15:39:36.064Z"}
{"level":"info","message":"WHITLEY NEILL RHUBARB & GINGER 0.7L updated price","timestamp":"2020-12-07T15:39:36.067Z"}
{"level":"info","message":"121 new items added to database","timestamp":"2020-12-07T15:42:17.210Z"}
{"level":"info","message":"Alfadrink.No updates found.","timestamp":"2020-12-07T15:43:44.411Z"}
{"level":"info","message":"Finestore.No updates found.","timestamp":"2020-12-07T15:46:27.281Z"}
{"level":"info","message":"Superdrinks.No updates found.","timestamp":"2020-12-07T15:46:35.325Z"}
{"level":"info","message":"121 new items added to database","timestamp":"2020-12-07T15:46:40.256Z"}
{"level":"info","message":"Finestore.No updates found.","timestamp":"2020-12-07T15:47:01.011Z"}
{"level":"info","message":"Superdrinks.No updates found.","timestamp":"2020-12-07T15:47:08.975Z"}
{"level":"info","message":"Alfadrink.No updates found.","timestamp":"2020-12-07T15:47:14.676Z"}
{"level":"error","timestamp":"2020-12-07T16:19:20.847Z"}
{"level":"info","message":"50 new items added to database","timestamp":"2020-12-07T16:55:28.379Z"}
{"level":"info","message":"Expertliquids.No updates found.","timestamp":"2020-12-07T16:55:52.405Z"}
{"level":"info","message":"Finestore.No updates found.","timestamp":"2020-12-07T16:56:56.660Z"}
{"level":"info","message":"Superdrinks.No updates found.","timestamp":"2020-12-07T16:57:04.950Z"}
{"level":"info","message":"Alfadrink.No updates found.","timestamp":"2020-12-07T16:57:10.177Z"}
{"level":"info","message":"Expertliquids.No updates found.","timestamp":"2020-12-07T16:57:11.560Z"}
{"level":"info","message":"JODHPUR GIN 0.7L updated price","timestamp":"2020-12-17T09:12:47.849Z"}
{"level":"info","message":"JODHPUR SPICY 0.7L updated price","timestamp":"2020-12-17T09:12:47.857Z"}
{"level":"info","message":"SCAPEGRACE GOLD GIN 0.7L updated price","timestamp":"2020-12-17T09:12:47.955Z"}
{"level":"info","message":"SCAPEGRACE PREMIUM GIN 0.7L updated price","timestamp":"2020-12-17T09:12:47.958Z"}
{"level":"info","message":"Superdrinks.No updates found.","timestamp":"2020-12-17T09:12:57.459Z"}
{"level":"info","message":"TANQUERAY DRY GIN 0.7L updated price","timestamp":"2020-12-17T09:13:03.664Z"}
{"level":"info","message":"RIUNITE LAMBRUSCO ROSE EMILIA IGT 0.75L updated price","timestamp":"2020-12-17T09:13:05.326Z"}
{"level":"info","message":"RIUNITE BUTTERFLY LAMBRUSCO ROSE 0.75L updated price","timestamp":"2020-12-17T09:13:05.332Z"}
{"level":"info","message":"PLANTATION RUM XO 20TH ANNIVERSARY 0.7L updated price","timestamp":"2020-12-17T09:13:05.338Z"}
{"level":"info","message":"RIUNITE LAMBRUSCO ROSU EMILIA IGT 1.5L updated price","timestamp":"2020-12-17T09:13:05.341Z"}
{"level":"info","message":"MARTIN MILLER'S GIN 0.7L updated price","timestamp":"2020-12-17T09:13:05.345Z"}
{"level":"info","message":"MARTIN MILLER'S WESTBOURNE STRENGHT GIN 0.7L updated price","timestamp":"2020-12-17T09:13:05.351Z"}
{"level":"info","message":"MARTIN MILLER'S SUMMERFULL GIN 0.7L updated price","timestamp":"2020-12-17T09:13:05.354Z"}
{"level":"info","message":"CITADELLE GIN 0.7L updated price","timestamp":"2020-12-17T09:13:05.357Z"}
{"level":"info","message":"DRUMSHANBO GUNPOWDER IRISH GIN 0.7L CERAMIC BOTTLES updated price","timestamp":"2020-12-17T09:13:05.360Z"}
{"level":"info","message":"CITADELLE GIN RESERVE 0.7L updated price","timestamp":"2020-12-17T09:13:05.364Z"}
{"level":"info","message":"CITADELLE GIN NO MISTAKE 0.5L updated price","timestamp":"2020-12-17T09:13:05.368Z"}
{"level":"info","message":"CITADELLE GIN 1L updated price","timestamp":"2020-12-17T09:13:05.373Z"}
{"level":"info","message":"DRUMSHANBO GUNPOWDER IRISH GIN 0.7L updated price","timestamp":"2020-12-17T09:13:05.377Z"}
{"level":"info","message":"CITADELLE GIN ORIGINAL + 1 PAHAR 0.7L updated price","timestamp":"2020-12-17T09:13:05.381Z"}
{"level":"info","message":"BAREKSTEN BOTANICAL GIN 0.5L updated price","timestamp":"2020-12-17T09:13:05.384Z"}
{"level":"info","message":"MARTIN MILLER'S 26 MOONS BARREL AGED GIN 0.35L updated price","timestamp":"2020-12-17T09:13:05.388Z"}
{"level":"info","message":"MARTIN MILLER'S 9 MOONS BARREL AGED GIN 0.35L updated price","timestamp":"2020-12-17T09:13:05.391Z"}
{"level":"info","message":"BAREKSTEN BOTANICAL GIN 0.7L updated price","timestamp":"2020-12-17T09:13:05.395Z"}
{"level":"info","message":"DRUMSHANBO GUNPOWDER IRISH GIN 0.5L updated price","timestamp":"2020-12-17T09:13:05.399Z"}
{"level":"info","message":"GINPITSCH DRY GIN 0.7L updated price","timestamp":"2020-12-17T09:13:05.403Z"}
{"level":"info","message":"DRUMSHANBO GUNPOWDER IRISH GIN 0.05L updated price","timestamp":"2020-12-17T09:13:05.409Z"}
{"level":"info","message":"CITADELLE GIN 0.05L updated price","timestamp":"2020-12-17T09:13:05.432Z"}
{"level":"info","message":"TANQUERAY 0.7L updated price","timestamp":"2020-12-17T16:24:11.028Z"}
{"level":"info","message":"HAYMAN'S LONDON DRY 0.7L updated price","timestamp":"2020-12-17T16:24:11.630Z"}
{"level":"info","message":"HAYMAN'S LONDON DRY 0.7L updated price","timestamp":"2020-12-17T16:24:11.655Z"}
{"level":"info","message":"TANQUERAY 0.7L updated price","timestamp":"2020-12-17T16:24:11.675Z"}
{"level":"info","message":"HAYMAN'S LONDON DRY 0.7L updated price","timestamp":"2020-12-17T16:24:11.680Z"}
{"level":"info","message":"King. No updates found","timestamp":"2020-12-17T18:30:58.125Z"}
{"level":"info","message":"King. No updates found","timestamp":"2020-12-17T18:38:16.152Z"}
{"level":"info","message":"106 new items added to database","timestamp":"2020-12-17T18:46:42.985Z"}
{"level":"info","message":"Finestore.No updates found.","timestamp":"2020-12-17T18:53:38.410Z"}
{"level":"info","message":"Superdrinks.No updates found.","timestamp":"2020-12-17T18:54:04.741Z"}
{"level":"info","message":"Alfadrink.No updates found.","timestamp":"2020-12-17T18:54:23.252Z"}
{"level":"info","message":"Alfadrink.No updates found.","timestamp":"2020-12-17T19:07:56.910Z"}
{"level":"info","message":"TANQUERAY 0.7L updated price","timestamp":"2020-12-17T19:10:06.906Z"}
{"level":"info","message":"HAYMAN'S LONDON DRY 0.7L updated price","timestamp":"2020-12-17T19:10:06.926Z"}
{"level":"info","message":"HAYMAN'S LONDON DRY 0.7L updated price","timestamp":"2020-12-17T19:10:06.959Z"}
{"level":"info","message":"TANQUERAY 0.7L updated price","timestamp":"2020-12-17T19:10:06.985Z"}
{"level":"info","message":"HAYMAN'S LONDON DRY 0.7L updated price","timestamp":"2020-12-17T19:10:06.995Z"}
{"level":"info","message":"Expertliquids.No updates found.","timestamp":"2020-12-17T19:10:11.265Z"}
{"level":"info","message":"Alfadrink.No updates found.","timestamp":"2020-12-17T19:10:13.020Z"}
{"level":"info","message":"Finestore.No updates found.","timestamp":"2020-12-17T19:10:13.594Z"}
{"level":"info","message":"Alfadrink.No updates found.","timestamp":"2020-12-17T19:10:13.646Z"}
{"level":"info","message":"King. No updates found","timestamp":"2020-12-17T19:10:14.165Z"}
{"level":"info","message":"Superdrinks.No updates found.","timestamp":"2020-12-17T19:10:17.004Z"}
{"level":"info","message":"Expertliquids.No updates found.","timestamp":"2020-12-17T19:11:06.535Z"}
{"level":"info","message":"Alfadrink.No updates found.","timestamp":"2020-12-17T19:11:13.099Z"}
{"level":"info","message":"Expertliquids.No updates found.","timestamp":"2020-12-17T19:12:29.098Z"}
{"level":"info","message":"Alfadrink.No updates found.","timestamp":"2020-12-17T19:12:36.601Z"}
{"level":"info","message":"Expertliquids.No updates found.","timestamp":"2020-12-17T19:13:14.993Z"}
{"level":"info","message":"Alfadrink.No updates found.","timestamp":"2020-12-17T19:13:17.191Z"}
{"level":"info","message":"Expertliquids.No updates found.","timestamp":"2020-12-17T19:13:59.453Z"}
{"level":"info","message":"TANQUERAY 0.7L updated price","timestamp":"2020-12-17T19:14:23.718Z"}
{"level":"info","message":"HAYMAN'S LONDON DRY 0.7L updated price","timestamp":"2020-12-17T19:14:23.739Z"}
{"level":"info","message":"HAYMAN'S LONDON DRY 0.7L updated price","timestamp":"2020-12-17T19:14:23.766Z"}
{"level":"info","message":"TANQUERAY 0.7L updated price","timestamp":"2020-12-17T19:14:23.788Z"}
{"level":"info","message":"HAYMAN'S LONDON DRY 0.7L updated price","timestamp":"2020-12-17T19:14:23.796Z"}
{"level":"info","message":"Expertliquids.No updates found.","timestamp":"2020-12-17T19:14:28.048Z"}
{"level":"info","message":"Alfadrink.No updates found.","timestamp":"2020-12-17T19:14:30.766Z"}
{"level":"info","message":"Finestore.No updates found.","timestamp":"2020-12-17T19:14:30.906Z"}
{"level":"info","message":"King. No updates found","timestamp":"2020-12-17T19:14:31.276Z"}
{"level":"info","message":"Superdrinks.No updates found.","timestamp":"2020-12-17T19:14:34.187Z"}
{"level":"info","message":"TANQUERAY 0.7L updated price","timestamp":"2020-12-17T21:00:33.510Z"}
{"level":"info","message":"HAYMAN'S LONDON DRY 0.7L updated price","timestamp":"2020-12-17T21:00:33.529Z"}
{"level":"info","message":"HAYMAN'S LONDON DRY 0.7L updated price","timestamp":"2020-12-17T21:00:33.575Z"}
{"level":"info","message":"TANQUERAY 0.7L updated price","timestamp":"2020-12-17T21:00:33.610Z"}
{"level":"info","message":"HAYMAN'S LONDON DRY 0.7L updated price","timestamp":"2020-12-17T21:00:33.619Z"}
{"level":"info","message":"Expertliquids.No updates found.","timestamp":"2020-12-17T21:00:37.483Z"}
{"level":"info","message":"Finestore.No updates found.","timestamp":"2020-12-17T21:00:39.958Z"}
{"level":"info","message":"King. No updates found","timestamp":"2020-12-17T21:00:40.541Z"}
{"level":"info","message":"Alfadrink.No updates found.","timestamp":"2020-12-17T21:00:43.113Z"}
{"level":"info","message":"Superdrinks.No updates found.","timestamp":"2020-12-17T21:00:43.944Z"}
